[INFO] 2015-03-23 16:03:54,502 [1] - Program->Main()->
[INFO] 2015-03-23 16:03:54,517 [1] - Program->Main()->=========================================Program started=====================================
[INFO] 2015-03-23 16:03:54,518 [1] - Program->Main()->
[INFO] 2015-03-23 16:03:59,079 [1] - Engine->RefreshViewTabs()->Создаю новый таб Рівне
[INFO] 2015-03-23 16:04:08,244 [1] - VisaTab->DoStep()->Рівне: Свободна дата: 22.Тра.2015
[INFO] 2015-03-23 16:04:12,768 [1] - VisaTab->DoStep()->Рівне: Свободна дата: 22.Тра.2015
[INFO] 2015-03-23 16:04:17,308 [1] - VisaTab->DoStep()->Рівне: Свободна дата: 22.Тра.2015
[INFO] 2015-03-23 16:06:13,252 [1] - Program->Main()->
[INFO] 2015-03-23 16:06:13,263 [1] - Program->Main()->=========================================Program started=====================================
[INFO] 2015-03-23 16:06:13,264 [1] - Program->Main()->
[INFO] 2015-03-23 16:06:13,562 [1] - Engine->RefreshViewTabs()->Создаю новый таб Рівне
[INFO] 2015-03-23 16:06:21,158 [1] - VisaTab->DoStep()->Рівне: Свободна дата: 22.Тра.2015
[INFO] 2015-03-23 16:06:27,204 [1] - VisaTab->DoStep()->Рівне: Свободна дата: 22.Тра.2015
[INFO] 2015-03-23 16:07:50,887 [1] - Program->Main()->
[INFO] 2015-03-23 16:07:50,902 [1] - Program->Main()->=========================================Program started=====================================
[INFO] 2015-03-23 16:07:50,903 [1] - Program->Main()->
[INFO] 2015-03-23 16:07:51,353 [1] - Engine->RefreshViewTabs()->Создаю новый таб Рівне
[INFO] 2015-03-23 16:08:02,029 [1] - VisaTab->DoStep()->Рівне: Свободна дата: 22.Тра.2015
[INFO] 2015-03-23 16:08:54,879 [1] - Program->Main()->
[INFO] 2015-03-23 16:08:54,890 [1] - Program->Main()->=========================================Program started=====================================
[INFO] 2015-03-23 16:08:54,891 [1] - Program->Main()->
[INFO] 2015-03-23 16:08:55,188 [1] - Engine->RefreshViewTabs()->Создаю новый таб Рівне
[INFO] 2015-03-23 16:09:04,296 [1] - VisaTab->DoStep()->Рівне: Свободна дата: 22.Тра.2015
[INFO] 2015-03-23 16:09:08,825 [1] - VisaTab->DoStep()->Рівне: Свободна дата: 22.Тра.2015
[INFO] 2015-03-23 16:09:13,364 [1] - VisaTab->DoStep()->Рівне: Свободна дата: 22.Тра.2015
[INFO] 2015-03-23 16:09:17,904 [1] - VisaTab->DoStep()->Рівне: Свободна дата: 22.Тра.2015
[INFO] 2015-03-23 16:09:22,444 [1] - VisaTab->DoStep()->Рівне: Свободна дата: 22.Тра.2015
[INFO] 2015-03-23 16:09:28,496 [1] - VisaTab->DoStep()->Рівне: Свободна дата: 22.Тра.2015
[INFO] 2015-03-23 16:09:30,010 [1] - VisaTab->DoStep()->Рівне: Номер квитанции: 2686/7109/2545
[INFO] 2015-03-23 16:09:31,522 [1] - VisaTab->DoStep()->Рівне: Email: IAROSLAV.BABUSHCHAK@gmail.com Pass: IAROSLAVBABUSHCHAK
[WARN] 2015-03-23 16:09:33,034 [1] - Дружищще, отправляй меня быстрее 
Крайняя дата подачи заявки: 31/05/2015, приоритет Высокий

Город: Рівне
Мета візиту: Подача документів
Кількість заявників: 1, К-сть дітей 0
Візова категорія: Національна Віза
Номер квитанції: 2686/7109/2545
Email: IAROSLAV.BABUSHCHAK@gmail.com
Пароль: IAROSLAVBABUSHCHAK

[INFO] 2015-03-23 16:16:15,204 [1] - Program->Main()->
[INFO] 2015-03-23 16:16:15,215 [1] - Program->Main()->=========================================Program started=====================================
[INFO] 2015-03-23 16:16:15,216 [1] - Program->Main()->
[INFO] 2015-03-23 16:16:21,034 [1] - Engine->RefreshViewTabs()->Создаю новый таб Рівне
[INFO] 2015-03-23 16:16:30,136 [1] - VisaTab->DoStep()->Рівне: Свободна дата: 22.Тра.2015
[INFO] 2015-03-23 16:16:34,665 [1] - VisaTab->DoStep()->Рівне: Свободна дата: 22.Тра.2015
[INFO] 2015-03-23 16:16:50,469 [1] - Program->Main()->
[INFO] 2015-03-23 16:16:50,479 [1] - Program->Main()->=========================================Program started=====================================
[INFO] 2015-03-23 16:16:50,480 [1] - Program->Main()->
[INFO] 2015-03-23 16:16:50,761 [1] - Engine->RefreshViewTabs()->Создаю новый таб Рівне
[INFO] 2015-03-23 16:16:58,356 [1] - VisaTab->DoStep()->Рівне: Свободна дата: 22.Тра.2015
[INFO] 2015-03-23 16:16:59,859 [1] - VisaTab->DoStep()->Рівне: Номер квитанции: 2686/7109/2545
[INFO] 2015-03-23 16:17:01,372 [1] - VisaTab->DoStep()->Рівне: Email: IAROSLAV.BABUSHCHAK@gmail.com Pass: IAROSLAVBABUSHCHAK
[WARN] 2015-03-23 16:17:02,886 [1] - Дружищще, отправляй меня быстрее 
Крайняя дата подачи заявки: 31/05/2015, приоритет Высокий

Город: Рівне
Мета візиту: Подача документів
Кількість заявників: 1, К-сть дітей 0
Візова категорія: Національна Віза
Номер квитанції: 2686/7109/2545
Email: IAROSLAV.BABUSHCHAK@gmail.com
Пароль: IAROSLAVBABUSHCHAK

[INFO] 2015-03-23 16:17:37,687 [1] - VisaTab->DoStep()->Рівне подтверждение первой картинки.
[INFO] 2015-03-23 16:17:45,620 [1] - Program->Main()->
[INFO] 2015-03-23 16:17:45,631 [1] - Program->Main()->=========================================Program started=====================================
[INFO] 2015-03-23 16:17:45,632 [1] - Program->Main()->
[INFO] 2015-03-23 16:17:45,941 [1] - Engine->RefreshViewTabs()->Создаю новый таб Рівне
[INFO] 2015-03-23 16:17:53,528 [1] - VisaTab->DoStep()->Рівне: Свободна дата: 22.Тра.2015
[INFO] 2015-03-23 16:17:55,033 [1] - VisaTab->DoStep()->Рівне: Номер квитанции: 2686/7109/2545
[INFO] 2015-03-23 16:17:56,547 [1] - VisaTab->DoStep()->Рівне: Email: IAROSLAV.BABUSHCHAK@gmail.com Pass: IAROSLAVBABUSHCHAK
[WARN] 2015-03-23 16:17:58,059 [1] - Дружищще, отправляй меня быстрее 
Крайняя дата подачи заявки: 31/05/2015, приоритет Высокий

Город: Рівне
Мета візиту: Подача документів
Кількість заявників: 1, К-сть дітей 0
Візова категорія: Національна Віза
Номер квитанції: 2686/7109/2545
Email: IAROSLAV.BABUSHCHAK@gmail.com
Пароль: IAROSLAVBABUSHCHAK

[INFO] 2015-03-23 16:18:22,552 [1] - VisaTab->DoStep()->Рівне подтверждение первой картинки.
[INFO] 2015-03-23 16:18:55,026 [1] - VisaTab->DoStep()->Рівне подтверждение второй картинки.
[INFO] 2015-03-23 17:31:57,510 [1] - Program->Main()->
[INFO] 2015-03-23 17:31:57,525 [1] - Program->Main()->=========================================Program started=====================================
[INFO] 2015-03-23 17:31:57,526 [1] - Program->Main()->
[INFO] 2015-03-23 17:31:57,985 [1] - Engine->RefreshViewTabs()->Создаю новый таб Рівне
[INFO] 2015-03-23 17:32:05,594 [1] - VisaTab->DoStep()->Рівне: Свободна дата: 26.Тра.2015
[INFO] 2015-03-23 17:32:07,095 [1] - VisaTab->DoStep()->Рівне: Номер квитанции: 2686/7109/2545
[INFO] 2015-03-23 17:32:08,608 [1] - VisaTab->DoStep()->Рівне: Email: IAROSLAV.BABUSHCHAK@gmail.com Pass: IAROSLAVBABUSHCHAK
[WARN] 2015-03-23 17:32:10,120 [1] - Дружищще, отправляй меня быстрее 
Крайняя дата подачи заявки: 31/05/2015, приоритет Высокий

Город: Рівне
Мета візиту: Подача документів
Кількість заявників: 1, К-сть дітей 0
Візова категорія: Національна Віза
Номер квитанції: 2686/7109/2545
Email: IAROSLAV.BABUSHCHAK@gmail.com
Пароль: IAROSLAVBABUSHCHAK

[INFO] 2015-03-23 17:33:17,622 [1] - VisaTab->DoStep()->Рівне подтверждение первой картинки.
[INFO] 2015-03-23 17:33:50,867 [1] - VisaTab->DoStep()->Рівне ошибка. вторая картинка.  Введений Вами текст не відповідає символам на зображенні
[INFO] 2015-03-23 17:34:25,073 [1] - VisaTab->DoStep()->Рівне подтверждение второй картинки.
